<?xml version="1.0" encoding="UTF-8"?>
<testng-results ignored="0" total="2" passed="2" failed="0" skipped="0">
  <reporter-output>
  </reporter-output>
  <suite started-at="2024-02-26T14:27:02Z" name="Default suite" finished-at="2024-02-26T14:27:02Z" duration-ms="52">
    <groups>
    </groups>
    <test started-at="2024-02-26T14:27:02Z" name="Default test" finished-at="2024-02-26T14:27:02Z" duration-ms="52">
      <class name="com.qa.testngdemos.TestNG1">
        <test-method signature="Test()[pri:0, instance:com.qa.testngdemos.TestNG1@c7ba306]" started-at="2024-02-26T19:57:02Z" name="Test" finished-at="2024-02-26T19:57:02Z" duration-ms="21" status="PASS">
          <reporter-output>
          </reporter-output>
        </test-method> <!-- Test -->
        <test-method signature="bark()[pri:0, instance:com.qa.testngdemos.TestNG1@c7ba306]" started-at="2024-02-26T19:57:02Z" name="bark" finished-at="2024-02-26T19:57:02Z" duration-ms="2" status="PASS">
          <reporter-output>
          </reporter-output>
        </test-method> <!-- bark -->
      </class> <!-- com.qa.testngdemos.TestNG1 -->
    </test> <!-- Default test -->
  </suite> <!-- Default suite -->
</testng-results>
